<?xml version="1.0" encoding="UTF-8"?>
<testsuite name="davon.davis.moviegenie.services.UserServiceTest" tests="3" skipped="0" failures="0" errors="0" timestamp="2022-06-13T21:44:35" hostname="RGCAFCI82298.local" time="0.066">
  <properties/>
  <testcase name="updateUserInterest()" classname="davon.davis.moviegenie.services.UserServiceTest" time="0.055"/>
  <testcase name="createNewUser()" classname="davon.davis.moviegenie.services.UserServiceTest" time="0.002"/>
  <testcase name="findAllUsers()" classname="davon.davis.moviegenie.services.UserServiceTest" time="0.007"/>
  <system-out><![CDATA[2022-06-13 16:44:35.726  INFO 17359 --- [    Test worker] o.s.t.c.s.DefaultTestContextBootstrapper : Neither @ContextConfiguration nor @ContextHierarchy found for test class [davon.davis.moviegenie.services.UserServiceTest], using DelegatingSmartContextLoader
2022-06-13 16:44:35.727  INFO 17359 --- [    Test worker] o.s.t.c.support.AbstractContextLoader    : Could not detect default resource locations for test class [davon.davis.moviegenie.services.UserServiceTest]: no resource found for suffixes {-context.xml}.
2022-06-13 16:44:35.727  INFO 17359 --- [    Test worker] t.c.s.AnnotationConfigContextLoaderUtils : Could not detect default configuration classes for test class [davon.davis.moviegenie.services.UserServiceTest]: UserServiceTest does not declare any static, non-private, non-final, nested classes annotated with @Configuration.
2022-06-13 16:44:35.730  INFO 17359 --- [    Test worker] o.s.t.c.s.DefaultTestContextBootstrapper : Loaded default TestExecutionListener class names from location [META-INF/spring.factories]: [org.springframework.boot.test.autoconfigure.restdocs.RestDocsTestExecutionListener, org.springframework.boot.test.autoconfigure.web.client.MockRestServiceServerResetTestExecutionListener, org.springframework.boot.test.autoconfigure.web.servlet.MockMvcPrintOnlyOnFailureTestExecutionListener, org.springframework.boot.test.autoconfigure.web.servlet.WebDriverTestExecutionListener, org.springframework.boot.test.autoconfigure.webservices.client.MockWebServiceServerTestExecutionListener, org.springframework.boot.test.mock.mockito.MockitoTestExecutionListener, org.springframework.boot.test.mock.mockito.ResetMocksTestExecutionListener, org.springframework.test.context.web.ServletTestExecutionListener, org.springframework.test.context.support.DirtiesContextBeforeModesTestExecutionListener, org.springframework.test.context.event.ApplicationEventsTestExecutionListener, org.springframework.test.context.support.DependencyInjectionTestExecutionListener, org.springframework.test.context.support.DirtiesContextTestExecutionListener, org.springframework.test.context.transaction.TransactionalTestExecutionListener, org.springframework.test.context.jdbc.SqlScriptsTestExecutionListener, org.springframework.test.context.event.EventPublishingTestExecutionListener]
2022-06-13 16:44:35.731  INFO 17359 --- [    Test worker] o.s.t.c.s.DefaultTestContextBootstrapper : Using TestExecutionListeners: [org.springframework.test.context.web.ServletTestExecutionListener@6dbdbb69, org.springframework.test.context.support.DirtiesContextBeforeModesTestExecutionListener@576a8b00, org.springframework.test.context.event.ApplicationEventsTestExecutionListener@1d988297, org.springframework.boot.test.mock.mockito.MockitoTestExecutionListener@116efe65, org.springframework.test.context.support.DependencyInjectionTestExecutionListener@118879d2, org.springframework.test.context.support.DirtiesContextTestExecutionListener@1239c268, org.springframework.test.context.transaction.TransactionalTestExecutionListener@4bec6682, org.springframework.test.context.jdbc.SqlScriptsTestExecutionListener@2d97344c, org.springframework.test.context.event.EventPublishingTestExecutionListener@7f839ec5, org.springframework.boot.test.autoconfigure.restdocs.RestDocsTestExecutionListener@23f539df, org.springframework.boot.test.autoconfigure.web.client.MockRestServiceServerResetTestExecutionListener@b859355, org.springframework.boot.test.autoconfigure.web.servlet.MockMvcPrintOnlyOnFailureTestExecutionListener@1f24e33d, org.springframework.boot.test.autoconfigure.web.servlet.WebDriverTestExecutionListener@7c3223aa, org.springframework.boot.test.autoconfigure.webservices.client.MockWebServiceServerTestExecutionListener@7683d632, org.springframework.boot.test.mock.mockito.ResetMocksTestExecutionListener@513bec8c]
]]></system-out>
  <system-err><![CDATA[]]></system-err>
</testsuite>
